<?xml version="1.0" encoding="UTF-8"?>
<testsuite xmlns:xsi="http://www.w3.org/2001/XMLSchema-instance" xsi:noNamespaceSchemaLocation="https://maven.apache.org/surefire/maven-surefire-plugin/xsd/surefire-test-report.xsd" name="han.stijn.StringCalculatorTest" time="0.051" tests="8" errors="0" skipped="0" failures="0">
  <properties>
[...]
</properties>
  <testcase name="stringMetNewlineAlsDelimiter" classname="han.stijn.StringCalculatorTest" time="0.032"/>
  <testcase name="stringElfPlusHonderdeenenveertigDusHonderdtweenenvijftig" classname="han.stijn.StringCalculatorTest" time="0.001"/>
  <testcase name="legeStringDusNul" classname="han.stijn.StringCalculatorTest" time="0.001"/>
  <testcase name="stringMetDelimiterVanLangereLengte" classname="han.stijn.StringCalculatorTest" time="0.001"/>
  <testcase name="stringMetGetalGroterDanDuizend" classname="han.stijn.StringCalculatorTest" time="0.001"/>
  <testcase name="stringMetEenDusEen" classname="han.stijn.StringCalculatorTest" time="0"/>
  <testcase name="stringMetMeerdereDelimiters" classname="han.stijn.StringCalculatorTest" time="0.001"/>
  <testcase name="stringEenPlusTweeDusDrie" classname="han.stijn.StringCalculatorTest" time="0.001"/>
</testsuite>